----------------------------------------------------------------
Tue Jun 14 14:28:06 IST 2022:
Booting Derby version The Apache Software Foundation - Apache Derby - 10.14.2.0 - (1828579): instance a816c00e-0181-616f-31a8-00000b713dc8 
on database directory memory:C:\Users\vk67972\Documents\workspace-sts-3.9.8.RELEASE\springbootDemo\03a3f8ae-8947-43a5-a60a-736657702f2a with class loader jdk.internal.loader.ClassLoaders$AppClassLoader@77556fd 
Loaded from file:/C:/Users/vk67972/.m2/repository/org/apache/derby/derby/10.14.2.0/derby-10.14.2.0.jar
java.vendor=Oracle Corporation
java.runtime.version=11.0.15+8-LTS-149
user.dir=C:\Users\vk67972\Documents\workspace-sts-3.9.8.RELEASE\springbootDemo
os.name=Windows 10
os.arch=amd64
os.version=10.0
derby.system.home=null
Database Class Loader started - derby.database.classpath=''
----------------------------------------------------------------
Tue Jun 14 14:49:27 IST 2022:
Shutting down instance a816c00e-0181-616f-31a8-00000b713dc8 on database directory memory:C:\Users\vk67972\Documents\workspace-sts-3.9.8.RELEASE\springbootDemo\03a3f8ae-8947-43a5-a60a-736657702f2a with class loader jdk.internal.loader.ClassLoaders$AppClassLoader@77556fd 
----------------------------------------------------------------
Tue Jun 14 14:49:28 IST 2022:
Booting Derby version The Apache Software Foundation - Apache Derby - 10.14.2.0 - (1828579): instance 67bb80b4-0181-616f-31a8-00000b713dc8 
on database directory memory:C:\Users\vk67972\Documents\workspace-sts-3.9.8.RELEASE\springbootDemo\a5609ee1-5fa5-4e87-bd56-f5bb174501ed with class loader jdk.internal.loader.ClassLoaders$AppClassLoader@77556fd 
Loaded from file:/C:/Users/vk67972/.m2/repository/org/apache/derby/derby/10.14.2.0/derby-10.14.2.0.jar
java.vendor=Oracle Corporation
java.runtime.version=11.0.15+8-LTS-149
user.dir=C:\Users\vk67972\Documents\workspace-sts-3.9.8.RELEASE\springbootDemo
os.name=Windows 10
os.arch=amd64
os.version=10.0
derby.system.home=null
Database Class Loader started - derby.database.classpath=''
----------------------------------------------------------------
Tue Jun 14 14:49:30 IST 2022:
Shutting down instance 67bb80b4-0181-616f-31a8-00000b713dc8 on database directory memory:C:\Users\vk67972\Documents\workspace-sts-3.9.8.RELEASE\springbootDemo\a5609ee1-5fa5-4e87-bd56-f5bb174501ed with class loader jdk.internal.loader.ClassLoaders$AppClassLoader@77556fd 
----------------------------------------------------------------
Tue Jun 14 14:49:31 IST 2022:
Booting Derby version The Apache Software Foundation - Apache Derby - 10.14.2.0 - (1828579): instance 0249415a-0181-616f-31a8-00000b713dc8 
on database directory memory:C:\Users\vk67972\Documents\workspace-sts-3.9.8.RELEASE\springbootDemo\b70f68ad-474f-4b95-9b6a-9b8e035f5f10 with class loader jdk.internal.loader.ClassLoaders$AppClassLoader@77556fd 
Loaded from file:/C:/Users/vk67972/.m2/repository/org/apache/derby/derby/10.14.2.0/derby-10.14.2.0.jar
java.vendor=Oracle Corporation
java.runtime.version=11.0.15+8-LTS-149
user.dir=C:\Users\vk67972\Documents\workspace-sts-3.9.8.RELEASE\springbootDemo
os.name=Windows 10
os.arch=amd64
os.version=10.0
derby.system.home=null
Database Class Loader started - derby.database.classpath=''
----------------------------------------------------------------
Tue Jun 14 14:49:52 IST 2022:
Shutting down instance 0249415a-0181-616f-31a8-00000b713dc8 on database directory memory:C:\Users\vk67972\Documents\workspace-sts-3.9.8.RELEASE\springbootDemo\b70f68ad-474f-4b95-9b6a-9b8e035f5f10 with class loader jdk.internal.loader.ClassLoaders$AppClassLoader@77556fd 
----------------------------------------------------------------
Tue Jun 14 14:49:54 IST 2022:
Booting Derby version The Apache Software Foundation - Apache Derby - 10.14.2.0 - (1828579): instance f7c00200-0181-616f-31a8-00000b713dc8 
on database directory memory:C:\Users\vk67972\Documents\workspace-sts-3.9.8.RELEASE\springbootDemo\d93f39e2-7c05-46fd-a684-ce101629926d with class loader jdk.internal.loader.ClassLoaders$AppClassLoader@77556fd 
Loaded from file:/C:/Users/vk67972/.m2/repository/org/apache/derby/derby/10.14.2.0/derby-10.14.2.0.jar
java.vendor=Oracle Corporation
java.runtime.version=11.0.15+8-LTS-149
user.dir=C:\Users\vk67972\Documents\workspace-sts-3.9.8.RELEASE\springbootDemo
os.name=Windows 10
os.arch=amd64
os.version=10.0
derby.system.home=null
Database Class Loader started - derby.database.classpath=''
----------------------------------------------------------------
Tue Jun 14 14:49:56 IST 2022:
Shutting down instance f7c00200-0181-616f-31a8-00000b713dc8 on database directory memory:C:\Users\vk67972\Documents\workspace-sts-3.9.8.RELEASE\springbootDemo\d93f39e2-7c05-46fd-a684-ce101629926d with class loader jdk.internal.loader.ClassLoaders$AppClassLoader@77556fd 
----------------------------------------------------------------
Tue Jun 14 14:49:57 IST 2022:
Booting Derby version The Apache Software Foundation - Apache Derby - 10.14.2.0 - (1828579): instance c81fc2a6-0181-616f-31a8-00000b713dc8 
on database directory memory:C:\Users\vk67972\Documents\workspace-sts-3.9.8.RELEASE\springbootDemo\cd4c925c-b743-456d-b475-003af7533d1d with class loader jdk.internal.loader.ClassLoaders$AppClassLoader@77556fd 
Loaded from file:/C:/Users/vk67972/.m2/repository/org/apache/derby/derby/10.14.2.0/derby-10.14.2.0.jar
java.vendor=Oracle Corporation
java.runtime.version=11.0.15+8-LTS-149
user.dir=C:\Users\vk67972\Documents\workspace-sts-3.9.8.RELEASE\springbootDemo
os.name=Windows 10
os.arch=amd64
os.version=10.0
derby.system.home=null
Database Class Loader started - derby.database.classpath=''
----------------------------------------------------------------
Tue Jun 14 14:52:17 IST 2022:
Shutting down instance c81fc2a6-0181-616f-31a8-00000b713dc8 on database directory memory:C:\Users\vk67972\Documents\workspace-sts-3.9.8.RELEASE\springbootDemo\cd4c925c-b743-456d-b475-003af7533d1d with class loader jdk.internal.loader.ClassLoaders$AppClassLoader@77556fd 
